<?xml version="1.0" encoding="UTF-8"?>
<testsuite xmlns:xsi="http://www.w3.org/2001/XMLSchema-instance" xsi:noNamespaceSchemaLocation="https://maven.apache.org/surefire/maven-surefire-plugin/xsd/surefire-test-report-3.0.xsd" version="3.0" name="br.com.ecommerce.cupom.CalculadoraDescontoTest" time="0.447" tests="5" errors="0" skipped="0" failures="0">
  <properties>
[...]
</properties>
  <testcase name="deveAplicarDescontoFixoEmUmProdutoEspecifico" classname="br.com.ecommerce.cupom.CalculadoraDescontoTest" time="0.05">
    <system-out><![CDATA[
=== Cenário 1: Cupom Fixo em Produto Real ===
[INFO] [CalculadoraDesconto] Processing cupom para o produto: 'iPhone 15 Pro Max'
[INFO] [CalculadoraDesconto] Iniciando processo de validação de cupom.
[INFO] [CalculadoraDesconto] Valor original do carrinho: R$ 7500,00
[INFO] [CalculadoraDesconto] Estratégia 'DescontoFixo' aplicada com sucesso.
[INFO] [CalculadoraDesconto] Valor final com desconto: R$ 7000,00
[INFO] [CalculadoraDesconto] Processo finalizado.

]]></system-out>
  </testcase>
  <testcase name="deveAplicarDescontoFixoCorretamente" classname="br.com.ecommerce.cupom.CalculadoraDescontoTest" time="0.004">
    <system-out><![CDATA[
=== Cenário 2: Desconto Fixo Simples ===
[INFO] [CalculadoraDesconto] Iniciando processo de validação de cupom.
[INFO] [CalculadoraDesconto] Valor original do carrinho: R$ 100,00
[INFO] [CalculadoraDesconto] Estratégia 'DescontoFixo' aplicada com sucesso.
[INFO] [CalculadoraDesconto] Valor final com desconto: R$ 80,00
[INFO] [CalculadoraDesconto] Processo finalizado.

]]></system-out>
  </testcase>
  <testcase name="deveSalvarERemoverProdutoDoCatalogo" classname="br.com.ecommerce.cupom.CalculadoraDescontoTest" time="0.35">
    <system-out><![CDATA[
=== Cenário 3: Persistência no Catálogo (JSON) ===
[LOG] Carregando catálogo do JSON...
[LOG] Salvando catálogo... Total de itens: 1
[LOG] Carregando catálogo do JSON...
[LOG] Salvando catálogo... Total de itens: 0
[LOG] Carregando catálogo do JSON...
[LOG] Teste de persistência finalizado com sucesso.
]]></system-out>
  </testcase>
  <testcase name="deveCalcularJurosDeCreditoCorretamente" classname="br.com.ecommerce.cupom.CalculadoraDescontoTest" time="0.006">
    <system-out><![CDATA[
=== Cenário 4: Cálculo de Juros no Crédito ===
[LOG] Valor final com 6% de juros: R$ 106.0
]]></system-out>
  </testcase>
  <testcase name="deveAplicarDescontoPercentualCorretamente" classname="br.com.ecommerce.cupom.CalculadoraDescontoTest" time="0.003">
    <system-out><![CDATA[
=== Cenário 5: Desconto Percentual Simples ===
[INFO] [CalculadoraDesconto] Iniciando processo de validação de cupom.
[INFO] [CalculadoraDesconto] Valor original do carrinho: R$ 200,00
[INFO] [CalculadoraDesconto] Estratégia 'DescontoPercentual' aplicada com sucesso.
[INFO] [CalculadoraDesconto] Valor final com desconto: R$ 180,00
[INFO] [CalculadoraDesconto] Processo finalizado.

]]></system-out>
  </testcase>
</testsuite>